0 info it worked if it ends with ok
1 verbose cli [ '/usr/local/bin/node',
1 verbose cli   '/usr/local/bin/npm',
1 verbose cli   'install',
1 verbose cli   'cheerigo' ]
2 info using npm@1.2.18
3 info using node@v0.10.5
4 verbose read json /Users/timoxley/Projects/talks/streams/package.json
5 warn package.json streams@0.0.0 No README.md file found!
6 verbose read json /Users/timoxley/Projects/talks/streams/node_modules/JSONStream/package.json
7 verbose read json /Users/timoxley/Projects/talks/streams/node_modules/baudio/package.json
8 verbose read json /Users/timoxley/Projects/talks/streams/node_modules/browserify/package.json
9 verbose read json /Users/timoxley/Projects/talks/streams/node_modules/cheerio/package.json
10 verbose read json /Users/timoxley/Projects/talks/streams/node_modules/debug/package.json
11 verbose read json /Users/timoxley/Projects/talks/streams/node_modules/ecstatic/package.json
12 verbose read json /Users/timoxley/Projects/talks/streams/node_modules/from/package.json
13 verbose read json /Users/timoxley/Projects/talks/streams/node_modules/midi/package.json
14 verbose read json /Users/timoxley/Projects/talks/streams/node_modules/mux-demux/package.json
15 verbose read json /Users/timoxley/Projects/talks/streams/node_modules/pull-through/package.json
16 verbose read json /Users/timoxley/Projects/talks/streams/node_modules/reconnect/package.json
17 verbose read json /Users/timoxley/Projects/talks/streams/node_modules/request/package.json
18 verbose read json /Users/timoxley/Projects/talks/streams/node_modules/shoe/package.json
19 verbose read json /Users/timoxley/Projects/talks/streams/node_modules/slice-file/package.json
20 verbose read json /Users/timoxley/Projects/talks/streams/node_modules/superagent/package.json
21 verbose read json /Users/timoxley/Projects/talks/streams/node_modules/through/package.json
22 verbose read json /Users/timoxley/Projects/talks/streams/node_modules/trumpet/package.json
23 verbose from cache /Users/timoxley/Projects/talks/streams/package.json
24 verbose readDependencies using package.json deps
25 verbose cache add [ 'cheerigo', null ]
26 verbose cache add name=undefined spec="cheerigo" args=["cheerigo",null]
27 verbose parsed url { protocol: null,
27 verbose parsed url   slashes: null,
27 verbose parsed url   auth: null,
27 verbose parsed url   host: null,
27 verbose parsed url   port: null,
27 verbose parsed url   hostname: null,
27 verbose parsed url   hash: null,
27 verbose parsed url   search: null,
27 verbose parsed url   query: null,
27 verbose parsed url   pathname: 'cheerigo',
27 verbose parsed url   path: 'cheerigo',
27 verbose parsed url   href: 'cheerigo' }
28 silly lockFile 37510b96-cheerigo cheerigo
29 verbose lock cheerigo /Users/timoxley/.npm/37510b96-cheerigo.lock
30 silly lockFile 37510b96-cheerigo cheerigo
31 silly lockFile 37510b96-cheerigo cheerigo
32 verbose addNamed [ 'cheerigo', '' ]
33 verbose addNamed [ null, '' ]
34 silly lockFile 0bf603bc-cheerigo cheerigo@
35 verbose lock cheerigo@ /Users/timoxley/.npm/0bf603bc-cheerigo.lock
36 silly addNameRange { name: 'cheerigo', range: '', hasData: false }
37 verbose url raw cheerigo
38 verbose url resolving [ 'https://registry.npmjs.org/', './cheerigo' ]
39 verbose url resolved https://registry.npmjs.org/cheerigo
40 info trying registry request attempt 1 at 22:43:38
41 http GET https://registry.npmjs.org/cheerigo
42 http 404 https://registry.npmjs.org/cheerigo
43 silly registry.get cb [ 404,
43 silly registry.get   { server: 'CouchDB/1.3.0 (Erlang OTP/R15B03)',
43 silly registry.get     date: 'Tue, 21 May 2013 14:43:38 GMT',
43 silly registry.get     'content-type': 'application/json',
43 silly registry.get     'content-length': '52',
43 silly registry.get     'cache-control': 'must-revalidate' } ]
44 silly lockFile 0bf603bc-cheerigo cheerigo@
45 silly lockFile 0bf603bc-cheerigo cheerigo@
46 error 404 'cheerigo' is not in the npm registry.
46 error 404 You should bug the author to publish it
46 error 404
46 error 404 Note that you can also install from a
46 error 404 tarball, folder, or http url, or git url.
47 error System Darwin 12.3.0
48 error command "/usr/local/bin/node" "/usr/local/bin/npm" "install" "cheerigo"
49 error cwd /Users/timoxley/Projects/talks/streams
50 error node -v v0.10.5
51 error npm -v 1.2.18
52 error code E404
53 verbose exit [ 1, true ]
